{"/home/files/hybrid_pojects/TODO/application/src/principal/OrderBy.js": {"path":"/home/files/hybrid_pojects/TODO/application/src/principal/OrderBy.js","statementMap":{"0":{"start":{"line":49,"column":15},"end":{"line":51,"column":13}},"1":{"start":{"line":50,"column":8},"end":{"line":50,"column":28}},"2":{"start":{"line":53,"column":18},"end":{"line":53,"column":20}},"3":{"start":{"line":55,"column":4},"end":{"line":61,"column":5}},"4":{"start":{"line":55,"column":17},"end":{"line":55,"column":18}},"5":{"start":{"line":56,"column":8},"end":{"line":60,"column":9}},"6":{"start":{"line":56,"column":21},"end":{"line":56,"column":22}},"7":{"start":{"line":57,"column":12},"end":{"line":59,"column":13}},"8":{"start":{"line":58,"column":16},"end":{"line":58,"column":37}},"9":{"start":{"line":63,"column":4},"end":{"line":63,"column":18}}},"fnMap":{"0":{"name":"order","decl":{"start":{"line":48,"column":24},"end":{"line":48,"column":29}},"loc":{"start":{"line":48,"column":45},"end":{"line":64,"column":1}},"line":48},"1":{"name":"(anonymous_1)","decl":{"start":{"line":49,"column":24},"end":{"line":49,"column":25}},"loc":{"start":{"line":49,"column":33},"end":{"line":51,"column":5}},"line":49}},"branchMap":{"0":{"loc":{"start":{"line":57,"column":12},"end":{"line":59,"column":13}},"type":"if","locations":[{"start":{"line":57,"column":12},"end":{"line":59,"column":13}},{"start":{"line":57,"column":12},"end":{"line":59,"column":13}}],"line":57}},"s":{"0":2,"1":8,"2":2,"3":2,"4":2,"5":8,"6":8,"7":32,"8":8,"9":2},"f":{"0":2,"1":8},"b":{"0":[8,24]},"_coverageSchema":"43e27e138ebf9cfc5966b082cf9a028302ed4184","hash":"b7e863fd4b29f083b8f2d91b2c49df1c2ff65415"}
}
