TN:
SF:/home/files/hybrid_pojects/TODO/application/src/principal/layouts/DatePicker/DatePicker.js
FN:3,convertArrayToString
FN:15,convertStringToArray
FN:20,convertDateToArray
FN:27,betweenTwoDate
FNF:4
FNH:4
FNDA:4,convertArrayToString
FNDA:1,convertStringToArray
FNDA:1,convertDateToArray
FNDA:1,betweenTwoDate
DA:2,1
DA:4,4
DA:5,4
DA:6,4
DA:7,4
DA:9,4
DA:10,3
DA:12,4
DA:14,1
DA:16,1
DA:17,1
DA:19,1
DA:22,1
DA:23,1
DA:24,1
DA:26,1
DA:28,1
DA:29,1
DA:30,1
DA:31,1
DA:33,1
LF:21
LH:21
BRDA:6,0,0,4
BRDA:6,0,1,0
BRDA:9,1,0,3
BRDA:9,1,1,1
BRF:4
BRH:3
end_of_record
